<?xml version="1.0" encoding="UTF-8"?>
<!-- Generated by org.testng.reporters.JUnitReportReporter -->
<testsuite hostname="DESKTOP-KHFPL78" failures="0" tests="1" name="runner.FlightRunner" time="15.165" errors="0" timestamp="2025-03-06T00:47:47 PST" skipped="0">
  <testcase classname="runner.FlightRunner" name="runScenario" time="15.165"/>
</testsuite> <!-- runner.FlightRunner -->
