<?xml version="1.0" encoding="UTF-8"?>
<!-- Generated by org.testng.reporters.JUnitReportReporter -->
<testsuite hostname="DESKTOP-KHFPL78" failures="0" tests="16" name="com.zerobank.runner.TestRunner" time="223.998" errors="0" timestamp="2025-03-21T19:55:24 PDT" skipped="0">
  <testcase classname="com.zerobank.runner.TestRunner" name="runScenario" time="14.368"/>
  <testcase classname="com.zerobank.runner.TestRunner" name="runScenario" time="26.364"/>
  <testcase classname="com.zerobank.runner.TestRunner" name="runScenario" time="13.851"/>
  <testcase classname="com.zerobank.runner.TestRunner" name="runScenario" time="12.145"/>
  <testcase classname="com.zerobank.runner.TestRunner" name="runScenario" time="15.084"/>
  <testcase classname="com.zerobank.runner.TestRunner" name="runScenario" time="16.728"/>
  <testcase classname="com.zerobank.runner.TestRunner" name="runScenario" time="7.318"/>
  <testcase classname="com.zerobank.runner.TestRunner" name="runScenario" time="17.286"/>
  <testcase classname="com.zerobank.runner.TestRunner" name="runScenario" time="13.289"/>
  <testcase classname="com.zerobank.runner.TestRunner" name="runScenario" time="7.456"/>
  <testcase classname="com.zerobank.runner.TestRunner" name="runScenario" time="11.045"/>
  <testcase classname="com.zerobank.runner.TestRunner" name="runScenario" time="8.940"/>
  <testcase classname="com.zerobank.runner.TestRunner" name="runScenario" time="20.918"/>
  <testcase classname="com.zerobank.runner.TestRunner" name="runScenario" time="11.560"/>
  <testcase classname="com.zerobank.runner.TestRunner" name="runScenario" time="15.829"/>
  <testcase classname="com.zerobank.runner.TestRunner" name="runScenario" time="11.817"/>
</testsuite> <!-- com.zerobank.runner.TestRunner -->
