<?xml version="1.0" encoding="UTF-8"?>
<!-- Generated by org.testng.reporters.JUnitReportReporter -->
<testsuite hostname="DESKTOP-KHFPL78" failures="2" tests="2" name="runner.TestRunner" time="39.050" errors="0" timestamp="2025-03-14T22:09:21 PDT" skipped="0">
  <testcase classname="runner.TestRunner" name="runScenario" time="32.891">
    <failure message="Dashboard not found" type="java.lang.AssertionError">
      <![CDATA[java.lang.AssertionError: Dashboard not found
at org.junit.Assert.fail(Assert.java:89)
at org.junit.Assert.assertTrue(Assert.java:42)
at stepDefinition.LoginSteps.i_should_be_redirected_to_the_dashboard(LoginSteps.java:48)
at ✽.I should be redirected to the dashboard(file:///C:/Users/Administrator/eclipse-workspace/zero-bank-capstone/src/test/resources/Features/BankLogin.feature:9)
]]>
    </failure>
  </testcase> <!-- runScenario -->
  <testcase classname="runner.TestRunner" name="runScenario" time="6.159">
    <failure message="Dashboard not found" type="java.lang.AssertionError">
      <![CDATA[java.lang.AssertionError: Dashboard not found
at org.junit.Assert.fail(Assert.java:89)
at org.junit.Assert.assertTrue(Assert.java:42)
at stepDefinition.LoginSteps.i_should_be_redirected_to_the_dashboard(LoginSteps.java:48)
at ✽.I should be redirected to the dashboard(file:///C:/Users/Administrator/eclipse-workspace/zero-bank-capstone/src/test/resources/Features/BankLogin.feature:9)
]]>
    </failure>
  </testcase> <!-- runScenario -->
</testsuite> <!-- runner.TestRunner -->
